<?xml version="1.0" encoding="UTF-8"?>
<!-- Generated by org.testng.reporters.JUnitReportReporter -->
<testsuite hostname="LAPTOP-8JNORMGV" name="Testfile.actimellogingpage" tests="1" failures="0" timestamp="28 Dec 2020 11:03:49 GMT" time="13.664" errors="1">
  <testcase name="actimelogingmethod" time="13.664" classname="Testfile.actimellogingpage">
    <error type="org.openqa.selenium.SessionNotCreatedException" message="session not created
from chrome not reachable
  (Session info: chrome=87.0.4280.88)
Build info: version: &#039;3.11.0&#039;, revision: &#039;e59cfb3&#039;, time: &#039;2018-03-11T20:33:15.31Z&#039;
System info: host: &#039;LAPTOP-8JNORMGV&#039;, ip: &#039;192.168.1.244&#039;, os.name: &#039;Windows 10&#039;, os.arch: &#039;amd64&#039;, os.version: &#039;10.0&#039;, java.version: &#039;1.8.0_211&#039;
Driver info: driver.version: ChromeDriver
remote stacktrace: Backtrace:
	Ordinal0 [0x0088C013+3194899]
	Ordinal0 [0x00776021+2056225]
	Ordinal0 [0x0060F4B0+586928]
	Ordinal0 [0x00605894+546964]
	Ordinal0 [0x00605F2C+548652]
	Ordinal0 [0x00607175+553333]
	Ordinal0 [0x0060241E+533534]
	Ordinal0 [0x00610620+591392]
	Ordinal0 [0x005B2A0C+207372]
	Ordinal0 [0x005B1D0D+204045]
	Ordinal0 [0x005AFC1B+195611]
	Ordinal0 [0x00593B7F+80767]
	Ordinal0 [0x00594B4E+84814]
	Ordinal0 [0x00594AD9+84697]
	Ordinal0 [0x0078CE64+2149988]
	GetHandleVerifier [0x009FBE95+1400773]
	GetHandleVerifier [0x009FBB61+1399953]
	GetHandleVerifier [0x00A031FA+1430314]
	GetHandleVerifier [0x009FC69F+1402831]
	Ordinal0 [0x00783D61+2112865]
	Ordinal0 [0x0078E5CB+2155979]
	Ordinal0 [0x0078E6F5+2156277]
	Ordinal0 [0x0079F26E+2224750]
	BaseThreadInitThunk [0x74AA6359+25]
	RtlGetAppContainerNamedObjectPath [0x76ED8944+228]
	RtlGetAppContainerNamedObjectPath [0x76ED8914+180]
">
      <![CDATA[org.openqa.selenium.SessionNotCreatedException: session not created
from chrome not reachable
  (Session info: chrome=87.0.4280.88)
Build info: version: '3.11.0', revision: 'e59cfb3', time: '2018-03-11T20:33:15.31Z'
System info: host: 'LAPTOP-8JNORMGV', ip: '192.168.1.244', os.name: 'Windows 10', os.arch: 'amd64', os.version: '10.0', java.version: '1.8.0_211'
Driver info: driver.version: ChromeDriver
remote stacktrace: Backtrace:
	Ordinal0 [0x0088C013+3194899]
	Ordinal0 [0x00776021+2056225]
	Ordinal0 [0x0060F4B0+586928]
	Ordinal0 [0x00605894+546964]
	Ordinal0 [0x00605F2C+548652]
	Ordinal0 [0x00607175+553333]
	Ordinal0 [0x0060241E+533534]
	Ordinal0 [0x00610620+591392]
	Ordinal0 [0x005B2A0C+207372]
	Ordinal0 [0x005B1D0D+204045]
	Ordinal0 [0x005AFC1B+195611]
	Ordinal0 [0x00593B7F+80767]
	Ordinal0 [0x00594B4E+84814]
	Ordinal0 [0x00594AD9+84697]
	Ordinal0 [0x0078CE64+2149988]
	GetHandleVerifier [0x009FBE95+1400773]
	GetHandleVerifier [0x009FBB61+1399953]
	GetHandleVerifier [0x00A031FA+1430314]
	GetHandleVerifier [0x009FC69F+1402831]
	Ordinal0 [0x00783D61+2112865]
	Ordinal0 [0x0078E5CB+2155979]
	Ordinal0 [0x0078E6F5+2156277]
	Ordinal0 [0x0079F26E+2224750]
	BaseThreadInitThunk [0x74AA6359+25]
	RtlGetAppContainerNamedObjectPath [0x76ED8944+228]
	RtlGetAppContainerNamedObjectPath [0x76ED8914+180]

	at sun.reflect.NativeConstructorAccessorImpl.newInstance0(Native Method)
	at sun.reflect.NativeConstructorAccessorImpl.newInstance(Unknown Source)
	at sun.reflect.DelegatingConstructorAccessorImpl.newInstance(Unknown Source)
	at java.lang.reflect.Constructor.newInstance(Unknown Source)
	at org.openqa.selenium.remote.W3CHandshakeResponse.lambda$new$0(W3CHandshakeResponse.java:57)
	at org.openqa.selenium.remote.W3CHandshakeResponse.lambda$getResponseFunction$2(W3CHandshakeResponse.java:104)
	at org.openqa.selenium.remote.ProtocolHandshake.lambda$createSession$0(ProtocolHandshake.java:123)
	at java.util.stream.ReferencePipeline$3$1.accept(Unknown Source)
	at java.util.Spliterators$ArraySpliterator.tryAdvance(Unknown Source)
	at java.util.stream.ReferencePipeline.forEachWithCancel(Unknown Source)
	at java.util.stream.AbstractPipeline.copyIntoWithCancel(Unknown Source)
	at java.util.stream.AbstractPipeline.copyInto(Unknown Source)
	at java.util.stream.AbstractPipeline.wrapAndCopyInto(Unknown Source)
	at java.util.stream.FindOps$FindOp.evaluateSequential(Unknown Source)
	at java.util.stream.AbstractPipeline.evaluate(Unknown Source)
	at java.util.stream.ReferencePipeline.findFirst(Unknown Source)
	at org.openqa.selenium.remote.ProtocolHandshake.createSession(ProtocolHandshake.java:126)
	at org.openqa.selenium.remote.ProtocolHandshake.createSession(ProtocolHandshake.java:73)
	at org.openqa.selenium.remote.HttpCommandExecutor.execute(HttpCommandExecutor.java:136)
	at org.openqa.selenium.remote.service.DriverCommandExecutor.execute(DriverCommandExecutor.java:83)
	at org.openqa.selenium.remote.RemoteWebDriver.execute(RemoteWebDriver.java:545)
	at org.openqa.selenium.remote.RemoteWebDriver.startSession(RemoteWebDriver.java:209)
	at org.openqa.selenium.remote.RemoteWebDriver.<init>(RemoteWebDriver.java:132)
	at org.openqa.selenium.chrome.ChromeDriver.<init>(ChromeDriver.java:181)
	at org.openqa.selenium.chrome.ChromeDriver.<init>(ChromeDriver.java:168)
	at org.openqa.selenium.chrome.ChromeDriver.<init>(ChromeDriver.java:123)
	at Testfile.actimellogingpage.actimelogingmethod(actimellogingpage.java:17)
	at sun.reflect.NativeMethodAccessorImpl.invoke0(Native Method)
	at sun.reflect.NativeMethodAccessorImpl.invoke(Unknown Source)
	at sun.reflect.DelegatingMethodAccessorImpl.invoke(Unknown Source)
	at java.lang.reflect.Method.invoke(Unknown Source)
	at org.testng.internal.MethodInvocationHelper.invokeMethod(MethodInvocationHelper.java:85)
	at org.testng.internal.Invoker.invokeMethod(Invoker.java:663)
	at org.testng.internal.Invoker.invokeTestMethod(Invoker.java:849)
	at org.testng.internal.Invoker.invokeTestMethods(Invoker.java:1157)
	at org.testng.internal.TestMethodWorker.invokeTestMethods(TestMethodWorker.java:124)
	at org.testng.internal.TestMethodWorker.run(TestMethodWorker.java:108)
	at org.testng.TestRunner.privateRun(TestRunner.java:771)
	at org.testng.TestRunner.run(TestRunner.java:621)
	at org.testng.SuiteRunner.runTest(SuiteRunner.java:357)
	at org.testng.SuiteRunner.runSequentially(SuiteRunner.java:352)
	at org.testng.SuiteRunner.privateRun(SuiteRunner.java:310)
	at org.testng.SuiteRunner.run(SuiteRunner.java:259)
	at org.testng.SuiteRunnerWorker.runSuite(SuiteRunnerWorker.java:52)
	at org.testng.SuiteRunnerWorker.run(SuiteRunnerWorker.java:86)
	at org.testng.TestNG.runSuitesSequentially(TestNG.java:1200)
	at org.testng.TestNG.runSuitesLocally(TestNG.java:1125)
	at org.testng.TestNG.run(TestNG.java:1033)
	at org.testng.remote.RemoteTestNG.run(RemoteTestNG.java:111)
	at org.testng.remote.RemoteTestNG.initAndRun(RemoteTestNG.java:204)
	at org.testng.remote.RemoteTestNG.main(RemoteTestNG.java:175)
]]>
    </error>
  </testcase> <!-- actimelogingmethod -->
</testsuite> <!-- Testfile.actimellogingpage -->
